24-09-23 00:00:34.964 [main] INFO  n.e.journalApp.JournalApplication - Starting JournalApplication using Java 21.0.4 with PID 25532 (E:\journalApp (1)\journalApp\target\classes started by sadhn in E:\journalApp (1)\journalApp) 
24-09-23 00:00:34.978 [main] INFO  n.e.journalApp.JournalApplication - The following 1 profile is active: "dev" 
24-09-23 00:00:35.981 [main] INFO  o.s.d.r.c.RepositoryConfigurationDelegate - Multiple Spring Data modules found, entering strict repository configuration mode 
24-09-23 00:00:35.984 [main] INFO  o.s.d.r.c.RepositoryConfigurationDelegate - Bootstrapping Spring Data MongoDB repositories in DEFAULT mode. 
24-09-23 00:00:36.179 [main] INFO  o.s.d.r.c.RepositoryConfigurationDelegate - Finished Spring Data repository scanning in 190 ms. Found 3 MongoDB repository interfaces. 
24-09-23 00:00:36.211 [main] INFO  o.s.d.r.c.RepositoryConfigurationDelegate - Multiple Spring Data modules found, entering strict repository configuration mode 
24-09-23 00:00:36.213 [main] INFO  o.s.d.r.c.RepositoryConfigurationDelegate - Bootstrapping Spring Data Redis repositories in DEFAULT mode. 
24-09-23 00:00:36.228 [main] INFO  o.s.d.r.c.RepositoryConfigurationExtensionSupport - Spring Data Redis - Could not safely identify store assignment for repository candidate interface net.engineeringdigest.journalApp.repository.ConfigJournalAppRepository; If you want this repository to be a Redis repository, consider annotating your entities with one of these annotations: org.springframework.data.redis.core.RedisHash (preferred), or consider extending one of the following types with your repository: org.springframework.data.keyvalue.repository.KeyValueRepository 
24-09-23 00:00:36.231 [main] INFO  o.s.d.r.c.RepositoryConfigurationExtensionSupport - Spring Data Redis - Could not safely identify store assignment for repository candidate interface net.engineeringdigest.journalApp.repository.JournalEntryRepository; If you want this repository to be a Redis repository, consider annotating your entities with one of these annotations: org.springframework.data.redis.core.RedisHash (preferred), or consider extending one of the following types with your repository: org.springframework.data.keyvalue.repository.KeyValueRepository 
24-09-23 00:00:36.232 [main] INFO  o.s.d.r.c.RepositoryConfigurationExtensionSupport - Spring Data Redis - Could not safely identify store assignment for repository candidate interface net.engineeringdigest.journalApp.repository.UserRepository; If you want this repository to be a Redis repository, consider annotating your entities with one of these annotations: org.springframework.data.redis.core.RedisHash (preferred), or consider extending one of the following types with your repository: org.springframework.data.keyvalue.repository.KeyValueRepository 
24-09-23 00:00:36.233 [main] INFO  o.s.d.r.c.RepositoryConfigurationDelegate - Finished Spring Data repository scanning in 11 ms. Found 0 Redis repository interfaces. 
24-09-23 00:00:37.166 [main] INFO  o.s.b.w.e.tomcat.TomcatWebServer - Tomcat initialized with port 8080 (http) 
24-09-23 00:00:37.181 [main] INFO  o.a.coyote.http11.Http11NioProtocol - Initializing ProtocolHandler ["http-nio-8080"] 
24-09-23 00:00:37.184 [main] INFO  o.a.catalina.core.StandardService - Starting service [Tomcat] 
24-09-23 00:00:37.184 [main] INFO  o.a.catalina.core.StandardEngine - Starting Servlet engine: [Apache Tomcat/10.1.28] 
24-09-23 00:00:37.271 [main] INFO  o.a.c.c.C.[.[localhost].[/journal] - Initializing Spring embedded WebApplicationContext 
24-09-23 00:00:37.271 [main] INFO  o.s.b.w.s.c.ServletWebServerApplicationContext - Root WebApplicationContext: initialization completed in 2212 ms 
24-09-23 00:00:37.603 [cluster-ClusterId{value='66f0624d2a129f20166e8fc6', description='Cluster0'}-srv-cluster0.7td9e.mongodb.net] INFO  org.mongodb.driver.cluster - Adding discovered server cluster0-shard-00-00.7td9e.mongodb.net:27017 to client view of cluster 
24-09-23 00:00:37.625 [main] INFO  org.mongodb.driver.client - MongoClient with metadata {"application": {"name": "Cluster0"}, "driver": {"name": "mongo-java-driver|sync|spring-boot", "version": "5.0.1"}, "os": {"type": "Windows", "name": "Windows 11", "architecture": "amd64", "version": "10.0"}, "platform": "Java/Oracle Corporation/21.0.4+8-LTS-274"} created with settings MongoClientSettings{readPreference=primary, writeConcern=WriteConcern{w=majority, wTimeout=null ms, journal=null}, retryWrites=true, retryReads=true, readConcern=ReadConcern{level=null}, credential=MongoCredential{mechanism=null, userName='sadhnamall1010', source='admin', password=<hidden>, mechanismProperties=<hidden>}, transportSettings=null, commandListeners=[], codecRegistry=ProvidersCodecRegistry{codecProviders=[ValueCodecProvider{}, BsonValueCodecProvider{}, DBRefCodecProvider{}, DBObjectCodecProvider{}, DocumentCodecProvider{}, CollectionCodecProvider{}, IterableCodecProvider{}, MapCodecProvider{}, GeoJsonCodecProvider{}, GridFSFileCodecProvider{}, Jsr310CodecProvider{}, JsonObjectCodecProvider{}, BsonCodecProvider{}, EnumCodecProvider{}, com.mongodb.client.model.mql.ExpressionCodecProvider@61da0413, com.mongodb.Jep395RecordCodecProvider@5627cb29, com.mongodb.KotlinCodecProvider@4d4c1ba9]}, loggerSettings=LoggerSettings{maxDocumentLength=1000}, clusterSettings={hosts=[127.0.0.1:27017], srvHost=cluster0.7td9e.mongodb.net, srvServiceName=mongodb, mode=MULTIPLE, requiredClusterType=REPLICA_SET, requiredReplicaSetName='atlas-fue10u-shard-0', serverSelector='null', clusterListeners='[]', serverSelectionTimeout='30000 ms', localThreshold='15 ms'}, socketSettings=SocketSettings{connectTimeoutMS=10000, readTimeoutMS=0, receiveBufferSize=0, proxySettings=ProxySettings{host=null, port=null, username=null, password=null}}, heartbeatSocketSettings=SocketSettings{connectTimeoutMS=10000, readTimeoutMS=10000, receiveBufferSize=0, proxySettings=ProxySettings{host=null, port=null, username=null, password=null}}, connectionPoolSettings=ConnectionPoolSettings{maxSize=100, minSize=0, maxWaitTimeMS=120000, maxConnectionLifeTimeMS=0, maxConnectionIdleTimeMS=0, maintenanceInitialDelayMS=0, maintenanceFrequencyMS=60000, connectionPoolListeners=[], maxConnecting=2}, serverSettings=ServerSettings{heartbeatFrequencyMS=10000, minHeartbeatFrequencyMS=500, serverListeners='[]', serverMonitorListeners='[]'}, sslSettings=SslSettings{enabled=true, invalidHostNameAllowed=false, context=null}, applicationName='Cluster0', compressorList=[], uuidRepresentation=JAVA_LEGACY, serverApi=null, autoEncryptionSettings=null, dnsClient=null, inetAddressResolver=null, contextProvider=null} 
24-09-23 00:00:37.636 [cluster-ClusterId{value='66f0624d2a129f20166e8fc6', description='Cluster0'}-srv-cluster0.7td9e.mongodb.net] INFO  org.mongodb.driver.cluster - Adding discovered server cluster0-shard-00-01.7td9e.mongodb.net:27017 to client view of cluster 
24-09-23 00:00:37.642 [cluster-ClusterId{value='66f0624d2a129f20166e8fc6', description='Cluster0'}-srv-cluster0.7td9e.mongodb.net] INFO  org.mongodb.driver.cluster - Adding discovered server cluster0-shard-00-02.7td9e.mongodb.net:27017 to client view of cluster 
24-09-23 00:00:38.049 [main] INFO  org.mongodb.driver.cluster - Waiting for server to become available for operation with ID 7. Remaining time: 30000 ms. Selector: WritableServerSelector, topology description: {type=REPLICA_SET, servers=[{address=cluster0-shard-00-00.7td9e.mongodb.net:27017, type=UNKNOWN, state=CONNECTING}, {address=cluster0-shard-00-01.7td9e.mongodb.net:27017, type=UNKNOWN, state=CONNECTING}, {address=cluster0-shard-00-02.7td9e.mongodb.net:27017, type=UNKNOWN, state=CONNECTING}]. 
24-09-23 00:00:38.296 [cluster-ClusterId{value='66f0624d2a129f20166e8fc6', description='Cluster0'}-cluster0-shard-00-02.7td9e.mongodb.net:27017] INFO  org.mongodb.driver.cluster - Monitor thread successfully connected to server with description ServerDescription{address=cluster0-shard-00-02.7td9e.mongodb.net:27017, type=REPLICA_SET_SECONDARY, state=CONNECTED, ok=true, minWireVersion=0, maxWireVersion=21, maxDocumentSize=16777216, logicalSessionTimeoutMinutes=30, roundTripTimeNanos=345424800, setName='atlas-fue10u-shard-0', canonicalAddress=cluster0-shard-00-02.7td9e.mongodb.net:27017, hosts=[cluster0-shard-00-02.7td9e.mongodb.net:27017, cluster0-shard-00-00.7td9e.mongodb.net:27017, cluster0-shard-00-01.7td9e.mongodb.net:27017], passives=[], arbiters=[], primary='cluster0-shard-00-01.7td9e.mongodb.net:27017', tagSet=TagSet{[Tag{name='availabilityZone', value='aps1-az2'}, Tag{name='diskState', value='READY'}, Tag{name='nodeType', value='ELECTABLE'}, Tag{name='provider', value='AWS'}, Tag{name='region', value='AP_SOUTH_1'}, Tag{name='workloadType', value='OPERATIONAL'}]}, electionId=null, setVersion=1, topologyVersion=TopologyVersion{processId=66eac0184d000f95870cb239, counter=3}, lastWriteDate=Mon Sep 23 00:00:37 IST 2024, lastUpdateTimeNanos=5063359139900} 
24-09-23 00:00:38.296 [cluster-ClusterId{value='66f0624d2a129f20166e8fc6', description='Cluster0'}-cluster0-shard-00-00.7td9e.mongodb.net:27017] INFO  org.mongodb.driver.cluster - Monitor thread successfully connected to server with description ServerDescription{address=cluster0-shard-00-00.7td9e.mongodb.net:27017, type=REPLICA_SET_SECONDARY, state=CONNECTED, ok=true, minWireVersion=0, maxWireVersion=21, maxDocumentSize=16777216, logicalSessionTimeoutMinutes=30, roundTripTimeNanos=358997000, setName='atlas-fue10u-shard-0', canonicalAddress=cluster0-shard-00-00.7td9e.mongodb.net:27017, hosts=[cluster0-shard-00-02.7td9e.mongodb.net:27017, cluster0-shard-00-00.7td9e.mongodb.net:27017, cluster0-shard-00-01.7td9e.mongodb.net:27017], passives=[], arbiters=[], primary='cluster0-shard-00-01.7td9e.mongodb.net:27017', tagSet=TagSet{[Tag{name='availabilityZone', value='aps1-az1'}, Tag{name='diskState', value='READY'}, Tag{name='nodeType', value='ELECTABLE'}, Tag{name='provider', value='AWS'}, Tag{name='region', value='AP_SOUTH_1'}, Tag{name='workloadType', value='OPERATIONAL'}]}, electionId=null, setVersion=1, topologyVersion=TopologyVersion{processId=66eabd5f18daf9223b13aeb7, counter=4}, lastWriteDate=Mon Sep 23 00:00:37 IST 2024, lastUpdateTimeNanos=5063359139900} 
24-09-23 00:00:38.298 [cluster-ClusterId{value='66f0624d2a129f20166e8fc6', description='Cluster0'}-cluster0-shard-00-01.7td9e.mongodb.net:27017] INFO  org.mongodb.driver.cluster - Monitor thread successfully connected to server with description ServerDescription{address=cluster0-shard-00-01.7td9e.mongodb.net:27017, type=REPLICA_SET_PRIMARY, state=CONNECTED, ok=true, minWireVersion=0, maxWireVersion=21, maxDocumentSize=16777216, logicalSessionTimeoutMinutes=30, roundTripTimeNanos=358997000, setName='atlas-fue10u-shard-0', canonicalAddress=cluster0-shard-00-01.7td9e.mongodb.net:27017, hosts=[cluster0-shard-00-02.7td9e.mongodb.net:27017, cluster0-shard-00-00.7td9e.mongodb.net:27017, cluster0-shard-00-01.7td9e.mongodb.net:27017], passives=[], arbiters=[], primary='cluster0-shard-00-01.7td9e.mongodb.net:27017', tagSet=TagSet{[Tag{name='availabilityZone', value='aps1-az3'}, Tag{name='diskState', value='READY'}, Tag{name='nodeType', value='ELECTABLE'}, Tag{name='provider', value='AWS'}, Tag{name='region', value='AP_SOUTH_1'}, Tag{name='workloadType', value='OPERATIONAL'}]}, electionId=7fffffff000000000000002e, setVersion=1, topologyVersion=TopologyVersion{processId=66eabeb99868c43c49386e31, counter=6}, lastWriteDate=Mon Sep 23 00:00:37 IST 2024, lastUpdateTimeNanos=5063359139900} 
24-09-23 00:00:38.302 [cluster-ClusterId{value='66f0624d2a129f20166e8fc6', description='Cluster0'}-cluster0-shard-00-01.7td9e.mongodb.net:27017] INFO  org.mongodb.driver.cluster - Discovered replica set primary cluster0-shard-00-01.7td9e.mongodb.net:27017 with max election id 7fffffff000000000000002e and max set version 1 
24-09-23 00:00:39.473 [main] WARN  o.s.s.c.a.a.c.InitializeUserDetailsBeanManagerConfigurer$InitializeUserDetailsManagerConfigurer - Global AuthenticationManager configured with an AuthenticationProvider bean. UserDetailsService beans will not be used for username/password login. Consider removing the AuthenticationProvider bean. Alternatively, consider using the UserDetailsService in a manually instantiated DaoAuthenticationProvider. 
24-09-23 00:00:40.579 [main] INFO  o.a.coyote.http11.Http11NioProtocol - Starting ProtocolHandler ["http-nio-8080"] 
24-09-23 00:00:40.607 [main] INFO  o.s.b.w.e.tomcat.TomcatWebServer - Tomcat started on port 8080 (http) with context path '/journal' 
24-09-23 00:00:40.753 [main] INFO  o.a.k.c.consumer.ConsumerConfig - ConsumerConfig values: 
	allow.auto.create.topics = true
	auto.commit.interval.ms = 5000
	auto.include.jmx.reporter = true
	auto.offset.reset = latest
	bootstrap.servers = [pkc-l7pr2.ap-south-1.aws.confluent.cloud:9092]
	check.crcs = true
	client.dns.lookup = use_all_dns_ips
	client.id = consumer-weekly-sentiment-group-1
	client.rack = 
	connections.max.idle.ms = 540000
	default.api.timeout.ms = 60000
	enable.auto.commit = false
	enable.metrics.push = true
	exclude.internal.topics = true
	fetch.max.bytes = 52428800
	fetch.max.wait.ms = 500
	fetch.min.bytes = 1
	group.id = weekly-sentiment-group
	group.instance.id = null
	group.protocol = classic
	group.remote.assignor = null
	heartbeat.interval.ms = 3000
	interceptor.classes = []
	internal.leave.group.on.close = true
	internal.throw.on.fetch.stable.offset.unsupported = false
	isolation.level = read_uncommitted
	key.deserializer = class org.apache.kafka.common.serialization.StringDeserializer
	max.partition.fetch.bytes = 1048576
	max.poll.interval.ms = 300000
	max.poll.records = 500
	metadata.max.age.ms = 300000
	metric.reporters = []
	metrics.num.samples = 2
	metrics.recording.level = INFO
	metrics.sample.window.ms = 30000
	partition.assignment.strategy = [class org.apache.kafka.clients.consumer.RangeAssignor, class org.apache.kafka.clients.consumer.CooperativeStickyAssignor]
	receive.buffer.bytes = 65536
	reconnect.backoff.max.ms = 1000
	reconnect.backoff.ms = 50
	request.timeout.ms = 30000
	retry.backoff.max.ms = 1000
	retry.backoff.ms = 100
	sasl.client.callback.handler.class = null
	sasl.jaas.config = [hidden]
	sasl.kerberos.kinit.cmd = /usr/bin/kinit
	sasl.kerberos.min.time.before.relogin = 60000
	sasl.kerberos.service.name = null
	sasl.kerberos.ticket.renew.jitter = 0.05
	sasl.kerberos.ticket.renew.window.factor = 0.8
	sasl.login.callback.handler.class = null
	sasl.login.class = null
	sasl.login.connect.timeout.ms = null
	sasl.login.read.timeout.ms = null
	sasl.login.refresh.buffer.seconds = 300
	sasl.login.refresh.min.period.seconds = 60
	sasl.login.refresh.window.factor = 0.8
	sasl.login.refresh.window.jitter = 0.05
	sasl.login.retry.backoff.max.ms = 10000
	sasl.login.retry.backoff.ms = 100
	sasl.mechanism = PLAIN
	sasl.oauthbearer.clock.skew.seconds = 30
	sasl.oauthbearer.expected.audience = null
	sasl.oauthbearer.expected.issuer = null
	sasl.oauthbearer.jwks.endpoint.refresh.ms = 3600000
	sasl.oauthbearer.jwks.endpoint.retry.backoff.max.ms = 10000
	sasl.oauthbearer.jwks.endpoint.retry.backoff.ms = 100
	sasl.oauthbearer.jwks.endpoint.url = null
	sasl.oauthbearer.scope.claim.name = scope
	sasl.oauthbearer.sub.claim.name = sub
	sasl.oauthbearer.token.endpoint.url = null
	security.protocol = SASL_SSL
	security.providers = null
	send.buffer.bytes = 131072
	session.timeout.ms = 45000
	socket.connection.setup.timeout.max.ms = 30000
	socket.connection.setup.timeout.ms = 10000
	ssl.cipher.suites = null
	ssl.enabled.protocols = [TLSv1.2, TLSv1.3]
	ssl.endpoint.identification.algorithm = https
	ssl.engine.factory.class = null
	ssl.key.password = null
	ssl.keymanager.algorithm = SunX509
	ssl.keystore.certificate.chain = null
	ssl.keystore.key = null
	ssl.keystore.location = null
	ssl.keystore.password = null
	ssl.keystore.type = JKS
	ssl.protocol = TLSv1.3
	ssl.provider = null
	ssl.secure.random.implementation = null
	ssl.trustmanager.algorithm = PKIX
	ssl.truststore.certificates = null
	ssl.truststore.location = null
	ssl.truststore.password = null
	ssl.truststore.type = JKS
	value.deserializer = class org.springframework.kafka.support.serializer.JsonDeserializer
 
24-09-23 00:00:40.901 [main] INFO  o.a.k.c.t.i.KafkaMetricsCollector - initializing Kafka metrics collector 
24-09-23 00:00:41.139 [main] INFO  o.a.k.c.s.a.AbstractLogin - Successfully logged in. 
24-09-23 00:00:41.239 [main] INFO  o.a.kafka.common.utils.AppInfoParser - Kafka version: 3.7.1 
24-09-23 00:00:41.241 [main] INFO  o.a.kafka.common.utils.AppInfoParser - Kafka commitId: e2494e6ffb89f828 
24-09-23 00:00:41.241 [main] INFO  o.a.kafka.common.utils.AppInfoParser - Kafka startTimeMs: 1727029841237 
24-09-23 00:00:41.246 [main] INFO  o.a.k.c.c.i.LegacyKafkaConsumer - [Consumer clientId=consumer-weekly-sentiment-group-1, groupId=weekly-sentiment-group] Subscribed to topic(s): weekly-sentiments 
24-09-23 00:00:41.273 [main] INFO  n.e.journalApp.JournalApplication - Started JournalApplication in 6.682 seconds (process running for 7.158) 
24-09-23 00:00:42.104 [org.springframework.kafka.KafkaListenerEndpointContainer#0-0-C-1] INFO  org.apache.kafka.clients.Metadata - [Consumer clientId=consumer-weekly-sentiment-group-1, groupId=weekly-sentiment-group] Cluster ID: lkc-p6zz0k 
24-09-23 00:00:42.105 [org.springframework.kafka.KafkaListenerEndpointContainer#0-0-C-1] INFO  o.a.k.c.c.i.ConsumerCoordinator - [Consumer clientId=consumer-weekly-sentiment-group-1, groupId=weekly-sentiment-group] Discovered group coordinator b5-pkc-l7pr2.ap-south-1.aws.confluent.cloud:9092 (id: 2147483642 rack: null) 
24-09-23 00:00:42.122 [org.springframework.kafka.KafkaListenerEndpointContainer#0-0-C-1] INFO  o.a.k.c.c.i.ConsumerCoordinator - [Consumer clientId=consumer-weekly-sentiment-group-1, groupId=weekly-sentiment-group] (Re-)joining group 
24-09-23 00:00:42.444 [org.springframework.kafka.KafkaListenerEndpointContainer#0-0-C-1] INFO  o.a.k.c.c.i.ConsumerCoordinator - [Consumer clientId=consumer-weekly-sentiment-group-1, groupId=weekly-sentiment-group] Request joining group due to: need to re-join with the given member-id: consumer-weekly-sentiment-group-1-57575720-5c40-4e0f-b12a-652579af9cfb 
24-09-23 00:00:42.445 [org.springframework.kafka.KafkaListenerEndpointContainer#0-0-C-1] INFO  o.a.k.c.c.i.ConsumerCoordinator - [Consumer clientId=consumer-weekly-sentiment-group-1, groupId=weekly-sentiment-group] (Re-)joining group 
24-09-23 00:00:42.477 [org.springframework.kafka.KafkaListenerEndpointContainer#0-0-C-1] INFO  o.a.k.c.c.i.ConsumerCoordinator - [Consumer clientId=consumer-weekly-sentiment-group-1, groupId=weekly-sentiment-group] Successfully joined group with generation Generation{generationId=5, memberId='consumer-weekly-sentiment-group-1-57575720-5c40-4e0f-b12a-652579af9cfb', protocol='range'} 
24-09-23 00:00:42.484 [org.springframework.kafka.KafkaListenerEndpointContainer#0-0-C-1] INFO  o.a.k.c.c.i.ConsumerCoordinator - [Consumer clientId=consumer-weekly-sentiment-group-1, groupId=weekly-sentiment-group] Finished assignment for group at generation 5: {consumer-weekly-sentiment-group-1-57575720-5c40-4e0f-b12a-652579af9cfb=Assignment(partitions=[weekly-sentiments-0, weekly-sentiments-1, weekly-sentiments-2, weekly-sentiments-3, weekly-sentiments-4, weekly-sentiments-5])} 
24-09-23 00:00:42.516 [org.springframework.kafka.KafkaListenerEndpointContainer#0-0-C-1] INFO  o.a.k.c.c.i.ConsumerCoordinator - [Consumer clientId=consumer-weekly-sentiment-group-1, groupId=weekly-sentiment-group] Successfully synced group in generation Generation{generationId=5, memberId='consumer-weekly-sentiment-group-1-57575720-5c40-4e0f-b12a-652579af9cfb', protocol='range'} 
24-09-23 00:00:42.517 [org.springframework.kafka.KafkaListenerEndpointContainer#0-0-C-1] INFO  o.a.k.c.c.i.ConsumerCoordinator - [Consumer clientId=consumer-weekly-sentiment-group-1, groupId=weekly-sentiment-group] Notifying assignor about the new Assignment(partitions=[weekly-sentiments-0, weekly-sentiments-1, weekly-sentiments-2, weekly-sentiments-3, weekly-sentiments-4, weekly-sentiments-5]) 
24-09-23 00:00:42.520 [org.springframework.kafka.KafkaListenerEndpointContainer#0-0-C-1] INFO  o.a.k.c.c.i.ConsumerRebalanceListenerInvoker - [Consumer clientId=consumer-weekly-sentiment-group-1, groupId=weekly-sentiment-group] Adding newly assigned partitions: weekly-sentiments-0, weekly-sentiments-1, weekly-sentiments-2, weekly-sentiments-3, weekly-sentiments-4, weekly-sentiments-5 
24-09-23 00:00:42.583 [org.springframework.kafka.KafkaListenerEndpointContainer#0-0-C-1] INFO  o.a.k.c.c.internals.ConsumerUtils - Setting offset for partition weekly-sentiments-3 to the committed offset FetchPosition{offset=1, offsetEpoch=Optional.empty, currentLeader=LeaderAndEpoch{leader=Optional[b2-pkc-l7pr2.ap-south-1.aws.confluent.cloud:9092 (id: 2 rack: 2)], epoch=0}} 
24-09-23 00:00:42.584 [org.springframework.kafka.KafkaListenerEndpointContainer#0-0-C-1] INFO  o.a.k.c.c.internals.ConsumerUtils - Setting offset for partition weekly-sentiments-2 to the committed offset FetchPosition{offset=0, offsetEpoch=Optional.empty, currentLeader=LeaderAndEpoch{leader=Optional[b0-pkc-l7pr2.ap-south-1.aws.confluent.cloud:9092 (id: 0 rack: 0)], epoch=0}} 
24-09-23 00:00:42.585 [org.springframework.kafka.KafkaListenerEndpointContainer#0-0-C-1] INFO  o.a.k.c.c.internals.ConsumerUtils - Setting offset for partition weekly-sentiments-5 to the committed offset FetchPosition{offset=0, offsetEpoch=Optional.empty, currentLeader=LeaderAndEpoch{leader=Optional[b3-pkc-l7pr2.ap-south-1.aws.confluent.cloud:9092 (id: 3 rack: 0)], epoch=0}} 
24-09-23 00:00:42.585 [org.springframework.kafka.KafkaListenerEndpointContainer#0-0-C-1] INFO  o.a.k.c.c.internals.ConsumerUtils - Setting offset for partition weekly-sentiments-4 to the committed offset FetchPosition{offset=0, offsetEpoch=Optional.empty, currentLeader=LeaderAndEpoch{leader=Optional[b4-pkc-l7pr2.ap-south-1.aws.confluent.cloud:9092 (id: 4 rack: 1)], epoch=0}} 
24-09-23 00:00:42.586 [org.springframework.kafka.KafkaListenerEndpointContainer#0-0-C-1] INFO  o.a.k.c.c.internals.ConsumerUtils - Setting offset for partition weekly-sentiments-1 to the committed offset FetchPosition{offset=0, offsetEpoch=Optional.empty, currentLeader=LeaderAndEpoch{leader=Optional[b1-pkc-l7pr2.ap-south-1.aws.confluent.cloud:9092 (id: 1 rack: 1)], epoch=0}} 
24-09-23 00:00:42.586 [org.springframework.kafka.KafkaListenerEndpointContainer#0-0-C-1] INFO  o.a.k.c.c.internals.ConsumerUtils - Setting offset for partition weekly-sentiments-0 to the committed offset FetchPosition{offset=0, offsetEpoch=Optional.empty, currentLeader=LeaderAndEpoch{leader=Optional[b5-pkc-l7pr2.ap-south-1.aws.confluent.cloud:9092 (id: 5 rack: 2)], epoch=0}} 
24-09-23 00:00:42.588 [org.springframework.kafka.KafkaListenerEndpointContainer#0-0-C-1] INFO  o.s.k.l.KafkaMessageListenerContainer - weekly-sentiment-group: partitions assigned: [weekly-sentiments-0, weekly-sentiments-1, weekly-sentiments-2, weekly-sentiments-3, weekly-sentiments-4, weekly-sentiments-5] 
24-09-23 00:00:52.709 [org.springframework.kafka.KafkaListenerEndpointContainer#0-0-C-1] INFO  o.a.k.c.c.i.ConsumerRebalanceListenerInvoker - [Consumer clientId=consumer-weekly-sentiment-group-1, groupId=weekly-sentiment-group] Revoke previously assigned partitions weekly-sentiments-0, weekly-sentiments-1, weekly-sentiments-2, weekly-sentiments-3, weekly-sentiments-4, weekly-sentiments-5 
24-09-23 00:00:52.711 [org.springframework.kafka.KafkaListenerEndpointContainer#0-0-C-1] INFO  o.s.k.l.KafkaMessageListenerContainer - weekly-sentiment-group: partitions revoked: [weekly-sentiments-0, weekly-sentiments-1, weekly-sentiments-2, weekly-sentiments-3, weekly-sentiments-4, weekly-sentiments-5] 
24-09-23 00:00:52.711 [org.springframework.kafka.KafkaListenerEndpointContainer#0-0-C-1] INFO  o.a.k.c.c.i.ConsumerCoordinator - [Consumer clientId=consumer-weekly-sentiment-group-1, groupId=weekly-sentiment-group] Member consumer-weekly-sentiment-group-1-57575720-5c40-4e0f-b12a-652579af9cfb sending LeaveGroup request to coordinator b5-pkc-l7pr2.ap-south-1.aws.confluent.cloud:9092 (id: 2147483642 rack: null) due to the consumer unsubscribed from all topics 
24-09-23 00:00:52.713 [org.springframework.kafka.KafkaListenerEndpointContainer#0-0-C-1] INFO  o.a.k.c.c.i.ConsumerCoordinator - [Consumer clientId=consumer-weekly-sentiment-group-1, groupId=weekly-sentiment-group] Resetting generation and member id due to: consumer pro-actively leaving the group 
24-09-23 00:00:52.713 [org.springframework.kafka.KafkaListenerEndpointContainer#0-0-C-1] INFO  o.a.k.c.c.i.ConsumerCoordinator - [Consumer clientId=consumer-weekly-sentiment-group-1, groupId=weekly-sentiment-group] Request joining group due to: consumer pro-actively leaving the group 
24-09-23 00:00:52.713 [org.springframework.kafka.KafkaListenerEndpointContainer#0-0-C-1] INFO  o.a.k.c.c.i.LegacyKafkaConsumer - [Consumer clientId=consumer-weekly-sentiment-group-1, groupId=weekly-sentiment-group] Unsubscribed all topics or patterns and assigned partitions 
24-09-23 00:00:52.715 [org.springframework.kafka.KafkaListenerEndpointContainer#0-0-C-1] INFO  o.a.k.c.c.i.ConsumerCoordinator - [Consumer clientId=consumer-weekly-sentiment-group-1, groupId=weekly-sentiment-group] Resetting generation and member id due to: consumer pro-actively leaving the group 
24-09-23 00:00:52.716 [org.springframework.kafka.KafkaListenerEndpointContainer#0-0-C-1] INFO  o.a.k.c.c.i.ConsumerCoordinator - [Consumer clientId=consumer-weekly-sentiment-group-1, groupId=weekly-sentiment-group] Request joining group due to: consumer pro-actively leaving the group 
24-09-23 00:00:52.883 [org.springframework.kafka.KafkaListenerEndpointContainer#0-0-C-1] INFO  o.a.kafka.common.metrics.Metrics - Metrics scheduler closed 
24-09-23 00:00:52.884 [org.springframework.kafka.KafkaListenerEndpointContainer#0-0-C-1] INFO  o.a.kafka.common.metrics.Metrics - Closing reporter org.apache.kafka.common.metrics.JmxReporter 
24-09-23 00:00:52.884 [org.springframework.kafka.KafkaListenerEndpointContainer#0-0-C-1] INFO  o.a.kafka.common.metrics.Metrics - Closing reporter org.apache.kafka.common.telemetry.internals.ClientTelemetryReporter 
24-09-23 00:00:52.885 [org.springframework.kafka.KafkaListenerEndpointContainer#0-0-C-1] INFO  o.a.kafka.common.metrics.Metrics - Metrics reporters closed 
24-09-23 00:00:52.896 [org.springframework.kafka.KafkaListenerEndpointContainer#0-0-C-1] INFO  o.a.kafka.common.utils.AppInfoParser - App info kafka.consumer for consumer-weekly-sentiment-group-1 unregistered 
24-09-23 00:00:52.897 [org.springframework.kafka.KafkaListenerEndpointContainer#0-0-C-1] INFO  o.s.k.l.KafkaMessageListenerContainer - weekly-sentiment-group: Consumer stopped 
